"/Users/evankelch/Applications/CLion Nova.app/Contents/bin/cmake/mac/aarch64/bin/cmake" -DCMAKE_BUILD_TYPE=Release "-DCMAKE_MAKE_PROGRAM=/Users/evankelch/Applications/CLion Nova.app/Contents/bin/ninja/mac/aarch64/ninja" -DCMAKE_C_COMPILER=/opt/homebrew/Cellar/arm-none-eabi-gcc/14.2.0/bin/arm-none-eabi-gcc -G Ninja -S /Users/evankelch/CLionProjects/carplay -B /Users/evankelch/CLionProjects/carplay/cmake-build-pi

-- CMAKE_BINARY_DIR: /Users/evankelch/CLionProjects/carplay/cmake-build-pi
-- CMAKE_SOURCE_DIR: /Users/evankelch/CLionProjects/carplay
-- CMAKE_COMMAND: /Users/evankelch/Applications/CLion Nova.app/Contents/bin/cmake/mac/aarch64/bin/cmake
-- CMAKE_VERSION: 3.30.5
-- CMAKE_C_COMPILER: /opt/homebrew/Cellar/arm-none-eabi-gcc/14.2.0/bin/arm-none-eabi-gcc
-- CMAKE_PROJECT_NAME: carplay
-- CMAKE_FINDCMAKE: /Users/evankelch/CLionProjects/carplay/CMAKE
-- The C compiler identification is GNU 14.2.0
-- The CXX compiler identification is GNU 14.2.0
-- Checking whether C compiler has -isysroot
-- Checking whether C compiler has -isysroot - yes
-- Checking whether C compiler supports OSX deployment target flag
-- Checking whether C compiler supports OSX deployment target flag - no
-- Detecting C compiler ABI info
-- Detecting C compiler ABI info - failed
-- Check for working C compiler: /opt/homebrew/Cellar/arm-none-eabi-gcc/14.2.0/bin/arm-none-eabi-gcc
-- Check for working C compiler: /opt/homebrew/Cellar/arm-none-eabi-gcc/14.2.0/bin/arm-none-eabi-gcc - broken
CMake Error at /Users/evankelch/Applications/CLion Nova.app/Contents/bin/cmake/mac/aarch64/share/cmake-3.30/Modules/CMakeTestCCompiler.cmake:67 (message):
  The C compiler

    "/opt/homebrew/Cellar/arm-none-eabi-gcc/14.2.0/bin/arm-none-eabi-gcc"

  is not able to compile a simple test program.

  It fails with the following output:

    Change Dir: '/Users/evankelch/CLionProjects/carplay/cmake-build-pi/CMakeFiles/CMakeScratch/TryCompile-6qibZD'
    
    Run Build Command(s): "/Users/evankelch/Applications/CLion Nova.app/Contents/bin/ninja/mac/aarch64/ninja" -v cmTC_7ba81
    [1/2] /opt/homebrew/Cellar/arm-none-eabi-gcc/14.2.0/bin/arm-none-eabi-gcc   -arch arm64 -isysroot /Applications/Xcode.app/Contents/Developer/Platforms/MacOSX.platform/Developer/SDKs/MacOSX15.1.sdk -fdiagnostics-color=always -o CMakeFiles/cmTC_7ba81.dir/testCCompiler.c.o -c /Users/evankelch/CLionProjects/carplay/cmake-build-pi/CMakeFiles/CMakeScratch/TryCompile-6qibZD/testCCompiler.c
    FAILED: CMakeFiles/cmTC_7ba81.dir/testCCompiler.c.o 
    /opt/homebrew/Cellar/arm-none-eabi-gcc/14.2.0/bin/arm-none-eabi-gcc   -arch arm64 -isysroot /Applications/Xcode.app/Contents/Developer/Platforms/MacOSX.platform/Developer/SDKs/MacOSX15.1.sdk -fdiagnostics-color=always -o CMakeFiles/cmTC_7ba81.dir/testCCompiler.c.o -c /Users/evankelch/CLionProjects/carplay/cmake-build-pi/CMakeFiles/CMakeScratch/TryCompile-6qibZD/testCCompiler.c
    arm-none-eabi-gcc: error: unrecognized command-line option '-arch'; did you mean '-march='?
    ninja: build stopped: subcommand failed.
    
    

  

  CMake will not be able to correctly generate this project.
Call Stack (most recent call first):
  CMakeLists.txt:12 (project)


-- Configuring incomplete, errors occurred!
